2024-06-12 23:49:30.588 [info] Extension host with pid 1151 started
2024-06-12 23:49:30.588 [error] Error: EEXIST: file already exists, open '/home/punuguchandana/.codeoss/data/User/workspaceStorage/25b60baf/vscode.lock'
2024-06-12 23:49:30.606 [info] Lock '/home/punuguchandana/.codeoss/data/User/workspaceStorage/25b60baf/vscode.lock': Could not acquire lock, checking if the file is stale.
2024-06-12 23:49:30.607 [info] Lock '/home/punuguchandana/.codeoss/data/User/workspaceStorage/25b60baf/vscode.lock': The lock does not look stale, elapsed: 24102 ms, giving up.
2024-06-12 23:49:30.617 [info] Lock '/home/punuguchandana/.codeoss/data/User/workspaceStorage/25b60baf-1/vscode.lock': Lock acquired.
2024-06-12 23:49:30.907 [info] ExtensionService#_doActivateExtension vscode.git-base, startup: true, activationEvent: '*', root cause: vscode.git
2024-06-12 23:49:30.921 [info] ExtensionService#_doActivateExtension ms-python.python, startup: true, activationEvent: 'workspaceContains:requirements.txt'
2024-06-12 23:49:31.230 [info] ExtensionService#_doActivateExtension vscode.git, startup: true, activationEvent: '*'
2024-06-12 23:49:31.230 [info] ExtensionService#_doActivateExtension vscode.github, startup: true, activationEvent: '*'
2024-06-12 23:49:37.910 [info] Not activating extension 'golang.go': Timed out while searching for 'workspaceContains' pattern *.go,*/*.go,*/*/*.go
2024-06-12 23:49:37.911 [info] Not activating extension 'hashicorp.terraform': Timed out while searching for 'workspaceContains' pattern **/*.tf,**/*.tfvars
2024-06-12 23:49:37.912 [info] Not activating extension 'redhat.fabric8-analytics': Timed out while searching for 'workspaceContains' pattern **/package.json,**/pom.xml,**/requirements.txt,**/go.mod
2024-06-12 23:49:37.912 [info] Not activating extension 'redhat.java': Timed out while searching for 'workspaceContains' pattern */pom.xml,*/build.gradle,*/settings.gradle,*/build.gradle.kts,*/settings.gradle.kts,*/.classpath
2024-06-12 23:49:37.912 [info] Not activating extension 'vscjava.vscode-java-dependency': Timed out while searching for 'workspaceContains' pattern */pom.xml,*/build.gradle,*/settings.gradle,*/build.gradle.kts,*/settings.gradle.kts,*/.classpath
2024-06-12 23:49:37.912 [info] Not activating extension 'vscjava.vscode-java-test': Timed out while searching for 'workspaceContains' pattern */pom.xml,*/build.gradle,*/settings.gradle,*/build.gradle.kts,*/settings.gradle.kts,*/.classpath
2024-06-12 23:49:37.912 [info] Not activating extension 'vscjava.vscode-maven': Timed out while searching for 'workspaceContains' pattern **/pom.xml
2024-06-12 23:49:38.604 [info] Eager extensions activated
2024-06-12 23:49:38.604 [info] ExtensionService#_doActivateExtension EditorConfig.EditorConfig, startup: false, activationEvent: 'onStartupFinished'
2024-06-12 23:49:38.605 [info] ExtensionService#_doActivateExtension google.cloud-shell, startup: false, activationEvent: 'onStartupFinished'
2024-06-12 23:49:38.605 [info] ExtensionService#_doActivateExtension googlecloudtools.cloudcode, startup: false, activationEvent: 'onStartupFinished'
2024-06-12 23:49:38.606 [info] ExtensionService#_doActivateExtension vscode.debug-auto-launch, startup: false, activationEvent: 'onStartupFinished'
2024-06-12 23:49:38.606 [info] ExtensionService#_doActivateExtension vscode.merge-conflict, startup: false, activationEvent: 'onStartupFinished'
2024-06-12 23:49:41.948 [info] ExtensionService#_doActivateExtension vscode.json-language-features, startup: false, activationEvent: 'onLanguage:jsonc'
2024-06-12 23:49:41.949 [info] ExtensionService#_doActivateExtension vscode.typescript-language-features, startup: false, activationEvent: 'onLanguage:jsonc'
2024-06-12 23:49:41.950 [info] ExtensionService#_doActivateExtension vscode.emmet, startup: false, activationEvent: 'onLanguage'
