2024-05-30 00:12:49.789 [info] Test server listening.
2024-05-30 00:12:49.790 [info] > conda info --json
2024-05-30 00:12:49.810 [info] Found: /bin/python --> /usr/bin/python3.10
2024-05-30 00:12:49.833 [info] Found: /bin/python2 --> /bin/python2.7
2024-05-30 00:12:49.835 [info] Found: /bin/python2.7 --> /bin/python2.7
2024-05-30 00:12:49.844 [info] Found: /bin/python3 --> /bin/python3.10
2024-05-30 00:12:49.849 [info] Found: /bin/python3.10 --> /bin/python3.10
2024-05-30 00:12:49.899 [info] Found: /usr/bin/python --> /usr/bin/python3.10
2024-05-30 00:12:49.909 [info] Found: /usr/bin/python2 --> /usr/bin/python2.7
2024-05-30 00:12:49.909 [info] Found: /usr/bin/python2.7 --> /usr/bin/python2.7
2024-05-30 00:12:49.920 [info] Found: /usr/bin/python3 --> /usr/bin/python3.10
2024-05-30 00:12:49.920 [info] Found: /usr/bin/python3.10 --> /usr/bin/python3.10
2024-05-30 00:12:50.045 [info] > /bin/python -I /google/devshell/editor/code-oss-for-cloud-shell/extensions/ms-python.python/pythonFiles/get_output_via_markers.py /google/devshell/editor/code-oss-for-cloud-shell/extensions/ms-python.python/pythonFiles/interpreterInfo.py
2024-05-30 00:12:50.065 [info] > /bin/python2 -I /google/devshell/editor/code-oss-for-cloud-shell/extensions/ms-python.python/pythonFiles/get_output_via_markers.py /google/devshell/editor/code-oss-for-cloud-shell/extensions/ms-python.python/pythonFiles/interpreterInfo.py
2024-05-30 00:12:50.114 [info] > /bin/python3 -I /google/devshell/editor/code-oss-for-cloud-shell/extensions/ms-python.python/pythonFiles/get_output_via_markers.py /google/devshell/editor/code-oss-for-cloud-shell/extensions/ms-python.python/pythonFiles/interpreterInfo.py
2024-05-30 00:12:50.121 [warning] [Error: Command failed: /bin/python2 -I /google/devshell/editor/code-oss-for-cloud-shell/extensions/ms-python.python/pythonFiles/get_output_via_markers.py /google/devshell/editor/code-oss-for-cloud-shell/extensions/ms-python.python/pythonFiles/interpreterInfo.py
Unknown option: -I
usage: /bin/python2 [option] ... [-c cmd | -m mod | file | -] [arg] ...
Try `python -h' for more information.

	at ChildProcess.exithandler (node:child_process:419:12)
	at ChildProcess.emit (node:events:513:28)
	at maybeClose (node:internal/child_process:1091:16)
	at ChildProcess._handle.onexit (node:internal/child_process:302:5)] {
  code: 2,
  killed: false,
  signal: null,
  cmd: '/bin/python2 -I /google/devshell/editor/code-oss-for-cloud-shell/extensions/ms-python.python/pythonFiles/get_output_via_markers.py /google/devshell/editor/code-oss-for-cloud-shell/extensions/ms-python.python/pythonFiles/interpreterInfo.py'
}
2024-05-30 00:12:50.121 [error] Support for Python 2.7 has been dropped by the Python extension so certain features may not work, upgrade to using Python 3.
2024-05-30 00:12:50.132 [info] > /bin/python2 /google/devshell/editor/code-oss-for-cloud-shell/extensions/ms-python.python/pythonFiles/get_output_via_markers.py /google/devshell/editor/code-oss-for-cloud-shell/extensions/ms-python.python/pythonFiles/interpreterInfo.py
2024-05-30 00:12:50.271 [info] > /usr/bin/python2 -I /google/devshell/editor/code-oss-for-cloud-shell/extensions/ms-python.python/pythonFiles/get_output_via_markers.py /google/devshell/editor/code-oss-for-cloud-shell/extensions/ms-python.python/pythonFiles/interpreterInfo.py
2024-05-30 00:12:50.282 [warning] [Error: Command failed: /usr/bin/python2 -I /google/devshell/editor/code-oss-for-cloud-shell/extensions/ms-python.python/pythonFiles/get_output_via_markers.py /google/devshell/editor/code-oss-for-cloud-shell/extensions/ms-python.python/pythonFiles/interpreterInfo.py
Unknown option: -I
usage: /usr/bin/python2 [option] ... [-c cmd | -m mod | file | -] [arg] ...
Try `python -h' for more information.

	at ChildProcess.exithandler (node:child_process:419:12)
	at ChildProcess.emit (node:events:513:28)
	at maybeClose (node:internal/child_process:1091:16)
	at Socket.<anonymous> (node:internal/child_process:449:11)
	at Socket.emit (node:events:513:28)
	at Pipe.<anonymous> (node:net:322:12)] {
  code: 2,
  killed: false,
  signal: null,
  cmd: '/usr/bin/python2 -I /google/devshell/editor/code-oss-for-cloud-shell/extensions/ms-python.python/pythonFiles/get_output_via_markers.py /google/devshell/editor/code-oss-for-cloud-shell/extensions/ms-python.python/pythonFiles/interpreterInfo.py'
}
2024-05-30 00:12:50.282 [error] Support for Python 2.7 has been dropped by the Python extension so certain features may not work, upgrade to using Python 3.
2024-05-30 00:12:50.290 [info] > /usr/bin/python2 /google/devshell/editor/code-oss-for-cloud-shell/extensions/ms-python.python/pythonFiles/get_output_via_markers.py /google/devshell/editor/code-oss-for-cloud-shell/extensions/ms-python.python/pythonFiles/interpreterInfo.py
2024-05-30 00:12:50.330 [warning] Retry failed, storage update failed for key PYTHON_GLOBAL_STORAGE_KEYS
2024-05-30 00:12:50.331 [warning] Retry failed, storage update failed for key PYTHON_GLOBAL_STORAGE_KEYS
2024-05-30 00:12:50.331 [warning] Retry failed, storage update failed for key PYTHON_GLOBAL_STORAGE_KEYS
2024-05-30 00:12:50.331 [warning] Retry failed, storage update failed for key PYTHON_GLOBAL_STORAGE_KEYS
2024-05-30 00:12:50.332 [warning] Retry failed, storage update failed for key PYTHON_GLOBAL_STORAGE_KEYS
2024-05-30 00:12:50.332 [warning] Retry failed, storage update failed for key PYTHON_GLOBAL_STORAGE_KEYS
2024-05-30 00:12:50.332 [warning] Retry failed, storage update failed for key PYTHON_GLOBAL_STORAGE_KEYS
2024-05-30 00:12:50.333 [warning] Retry failed, storage update failed for key PYTHON_WORKSPACE_STORAGE_KEYS
2024-05-30 00:12:50.333 [warning] Retry failed, storage update failed for key PYTHON_WORKSPACE_STORAGE_KEYS
2024-05-30 00:12:50.333 [warning] Retry failed, storage update failed for key PYTHON_WORKSPACE_STORAGE_KEYS
2024-05-30 00:12:50.338 [info] Python interpreter path: /bin/python
2024-05-30 00:12:53.907 [warning] Retry failed, storage update failed for key PYTHON_GLOBAL_STORAGE_KEYS
2024-05-30 00:12:53.907 [warning] Retry failed, storage update failed for key PYTHON_GLOBAL_STORAGE_KEYS
2024-05-30 00:12:56.847 [info] Starting Jedi language server for punuguchandana.
