Initializing document watcher...
Document watcher initialized
punuguchandana/backend/Dockerfile: {}
punuguchandana/frontend/frontend-service.yaml: {}
punuguchandana/frontend/app.py: {}
punuguchandana/frontend/app.py: {}
punuguchandana/frontend/app.py: {}
punuguchandana/frontend/app.py: Using EditorConfig core...
punuguchandana/frontend/Dockerfile: {}
punuguchandana/frontend/Dockerfile: {}
punuguchandana/frontend/app.py: {}
punuguchandana/frontend/app.py: {}
punuguchandana/frontend/templates/index.html: {}
punuguchandana/frontend/templates/index.html: Using EditorConfig core...
punuguchandana/frontend/frontend-service.yaml: {}
punuguchandana/frontend/templates/index.html: {}
punuguchandana/frontend/frontend-deployment.yaml: {}
punuguchandana/frontend/frontend-deployment.yaml: {}
punuguchandana/frontend/frontend-deployment.yaml: {}
punuguchandana/frontend/frontend-deployment.yaml: Using EditorConfig core...
punuguchandana/frontend/frontend-deployment.yaml: Using EditorConfig core...
punuguchandana/frontend/frontend-deployment.yaml: {}
punuguchandana/frontend/frontend-deployment.yaml: Using EditorConfig core...
punuguchandana/frontend/frontend-deployment.yaml: Using EditorConfig core...
punuguchandana/frontend/Dockerfile: {}
punuguchandana/frontend/Dockerfile: {}
punuguchandana/frontend/Dockerfile: Using EditorConfig core...
punuguchandana/frontend/Dockerfile: {}
punuguchandana/frontend/requirements.txt: {}
punuguchandana/frontend/requirements.txt: {}
punuguchandana/frontend/requirements.txt: Using EditorConfig core...
punuguchandana/deployment.yaml: {}
punuguchandana/frontend/requirements.txt: {}
punuguchandana/frontend/frontend-deployment.yaml: {}
punuguchandana/frontend/frontend-deployement.yaml: {}
punuguchandana/frontend/frontend-deployment.yaml: {}
punuguchandana/frontend/Dockerfile: {}
punuguchandana/frontend/frontend-deployment.yaml: {}
punuguchandana/frontend/frontend-deployment.yaml: {}
punuguchandana/frontend/Dockerfile: {}
punuguchandana/backend/backend-deployment.yaml: {}
punuguchandana/frontend/Dockerfile: {}
punuguchandana/backend/myproject895422-9783978d329a.json: {}
punuguchandana/frontend/Dockerfile: {}
punuguchandana/backend/Dockerfile: {}
punuguchandana/backend/app.py: {}
punuguchandana/backend/app.py: {}
punuguchandana/backend/app.py: Using EditorConfig core...
punuguchandana/backend/app.py: {}
punuguchandana/backend/app.py: {}
punuguchandana/backend/Dockerfile: {}
punuguchandana/backend/Dockerfile: Using EditorConfig core...
punuguchandana/backend/Dockerfile: {}
punuguchandana/backend/requirements.txt: {}
punuguchandana/backend/requirements.txt: {}
punuguchandana/backend/requirements.txt: Using EditorConfig core...
punuguchandana/backend/requirements.txt: {}
punuguchandana/backend/requirements.txt: {}
punuguchandana/backend/requirements.txt: {}
punuguchandana/frontend/requirements.txt: {}
punuguchandana/backend/Dockerfile: {}
punuguchandana/frontend/Dockerfile: {}
punuguchandana/frontend/requirements.txt: {}
punuguchandana/frontend/requirements.txt: {}
punuguchandana/frontend/requirements.txt: {}
punuguchandana/backend/requirements.txt: {}
punuguchandana/backend/Dockerfile: {}
punuguchandana/backend/requirements.txt: {}
punuguchandana/backend/requirements.txt: {}
punuguchandana/backend/requirements.txt: {}
punuguchandana/backend/requirements.txt: {}
punuguchandana/backend/Dockerfile: {}
punuguchandana/backend/requirements.txt: {}
punuguchandana/backend/requirements.txt: {}
punuguchandana/backend/requirements.txt: Using EditorConfig core...
punuguchandana/backend/requirements.txt: Using EditorConfig core...
punuguchandana/backend/Dockerfile: {}
punuguchandana/frontend/Dockerfile: {}
punuguchandana/frontend/requirements.txt: {}
punuguchandana/backend/requirements.txt: {}
punuguchandana/frontend/requirements.txt: {}
punuguchandana/backend/Dockerfile: {}
punuguchandana/backend/requirements.txt: {}
punuguchandana/backend/requirements.txt: {}
punuguchandana/backend/requirements.txt: {}
punuguchandana/backend/requirements.txt: {}
punuguchandana/backend/Dockerfile: {}
punuguchandana/backend/Dockerfile: Using EditorConfig core...
punuguchandana/backend/Dockerfile: Using EditorConfig core...
punuguchandana/backend/Dockerfile: {}
punuguchandana/backend/Dockerfile: {}
punuguchandana/myproject895422-9783978d329a.json: {}
punuguchandana/myproject895422-9783978d329a.json: {}
punuguchandana/myproject895422-9783978d329a.json: {}
punuguchandana/myproject895422-9783978d329a.json: {}
punuguchandana/myproject895422-9783978d329a.json: {}
punuguchandana/myproject895422-9783978d329a.json: {}
punuguchandana/myproject895422-9783978d329a.json: {}
punuguchandana/backend/app.py: {}
punuguchandana/frontend/app.py: {}
punuguchandana/frontend/Dockerfile: {}
punuguchandana/frontend/requirements.txt: {}
punuguchandana/frontend/Dockerfile: {}
punuguchandana/backend/Dockerfile: {}
punuguchandana/frontend/Dockerfile: {}
punuguchandana/frontend/Dockerfile: {}
punuguchandana/frontend/Dockerfile: {}
punuguchandana/backend/app.py: {}
punuguchandana/frontend/requirements.txt: {}
punuguchandana/frontend/app.py: {}
punuguchandana/frontend/app.py: {}
punuguchandana/frontend/app.py: {}
punuguchandana/backend/requirements.txt: {}
punuguchandana/backend/requirements.txt: Using EditorConfig core...
punuguchandana/frontend/requirements.txt: {}
punuguchandana/frontend/requirements.txt: Using EditorConfig core...
