2024-06-12 23:54:15.529 [info] Extension host with pid 1151 started
2024-06-12 23:54:15.529 [error] Error: EEXIST: file already exists, open '/home/punuguchandana/.codeoss/data/User/workspaceStorage/25b60baf/vscode.lock'
2024-06-12 23:54:15.546 [info] Lock '/home/punuguchandana/.codeoss/data/User/workspaceStorage/25b60baf/vscode.lock': Could not acquire lock, checking if the file is stale.
2024-06-12 23:54:15.547 [info] Lock '/home/punuguchandana/.codeoss/data/User/workspaceStorage/25b60baf/vscode.lock': The pid 1140 appears to be gone.
2024-06-12 23:54:15.547 [info] Lock '/home/punuguchandana/.codeoss/data/User/workspaceStorage/25b60baf/vscode.lock': Deleting a stale lock.
2024-06-12 23:54:15.553 [info] Lock '/home/punuguchandana/.codeoss/data/User/workspaceStorage/25b60baf/vscode.lock': Lock acquired.
2024-06-12 23:54:15.735 [info] ExtensionService#_doActivateExtension vscode.git-base, startup: true, activationEvent: '*', root cause: vscode.git
2024-06-12 23:54:15.748 [info] ExtensionService#_doActivateExtension ms-python.python, startup: true, activationEvent: 'workspaceContains:requirements.txt'
2024-06-12 23:54:16.054 [info] ExtensionService#_doActivateExtension vscode.git, startup: true, activationEvent: '*'
2024-06-12 23:54:16.055 [info] ExtensionService#_doActivateExtension vscode.github, startup: true, activationEvent: '*'
2024-06-12 23:54:17.596 [info] ExtensionService#_doActivateExtension redhat.fabric8-analytics, startup: true, activationEvent: 'workspaceContains:**/package.json,**/pom.xml,**/requirements.txt,**/go.mod'
2024-06-12 23:54:17.902 [info] Eager extensions activated
2024-06-12 23:54:17.902 [info] ExtensionService#_doActivateExtension EditorConfig.EditorConfig, startup: false, activationEvent: 'onStartupFinished'
2024-06-12 23:54:17.903 [info] ExtensionService#_doActivateExtension google.cloud-shell, startup: false, activationEvent: 'onStartupFinished'
2024-06-12 23:54:17.903 [info] ExtensionService#_doActivateExtension googlecloudtools.cloudcode, startup: false, activationEvent: 'onStartupFinished'
2024-06-12 23:54:17.904 [info] ExtensionService#_doActivateExtension vscode.debug-auto-launch, startup: false, activationEvent: 'onStartupFinished'
2024-06-12 23:54:17.904 [info] ExtensionService#_doActivateExtension vscode.merge-conflict, startup: false, activationEvent: 'onStartupFinished'
2024-06-12 23:54:20.462 [info] ExtensionService#_doActivateExtension vscode.json-language-features, startup: false, activationEvent: 'onLanguage:jsonc'
2024-06-12 23:54:20.463 [info] ExtensionService#_doActivateExtension vscode.typescript-language-features, startup: false, activationEvent: 'onLanguage:jsonc'
2024-06-12 23:54:20.463 [info] ExtensionService#_doActivateExtension vscode.emmet, startup: false, activationEvent: 'onLanguage'
2024-06-12 23:57:44.622 [info] Extension host terminating: received terminate message from renderer
2024-06-12 23:57:44.623 [info] Lock '/home/punuguchandana/.codeoss/data/User/workspaceStorage/25b60baf/vscode.lock': Marking the lockfile as scheduled to be released in 6000 ms.
2024-06-12 23:57:44.665 [info] Extension host with pid 1151 exiting with code 0
