2024-06-12 21:59:42.272 [info] Test server listening.
2024-06-12 21:59:42.272 [info] > conda info --json
2024-06-12 21:59:42.279 [info] Found: /bin/python --> /usr/bin/python3.10
2024-06-12 21:59:42.289 [info] Found: /bin/python2 --> /bin/python2.7
2024-06-12 21:59:42.297 [info] Found: /bin/python2.7 --> /bin/python2.7
2024-06-12 21:59:42.297 [info] Found: /bin/python3 --> /bin/python3.10
2024-06-12 21:59:42.299 [info] Found: /bin/python3.10 --> /bin/python3.10
2024-06-12 21:59:42.344 [info] Found: /usr/bin/python --> /usr/bin/python3.10
2024-06-12 21:59:42.351 [info] Found: /usr/bin/python2 --> /usr/bin/python2.7
2024-06-12 21:59:42.351 [info] Found: /usr/bin/python2.7 --> /usr/bin/python2.7
2024-06-12 21:59:42.352 [info] Found: /usr/bin/python3 --> /usr/bin/python3.10
2024-06-12 21:59:42.352 [info] Found: /usr/bin/python3.10 --> /usr/bin/python3.10
2024-06-12 21:59:42.399 [warning] Retry failed, storage update failed for key PYTHON_GLOBAL_STORAGE_KEYS
2024-06-12 21:59:42.400 [warning] Retry failed, storage update failed for key PYTHON_GLOBAL_STORAGE_KEYS
2024-06-12 21:59:42.425 [info] > /bin/python -I /google/devshell/editor/code-oss-for-cloud-shell/extensions/ms-python.python/pythonFiles/get_output_via_markers.py /google/devshell/editor/code-oss-for-cloud-shell/extensions/ms-python.python/pythonFiles/interpreterInfo.py
2024-06-12 21:59:42.452 [info] > /bin/python2 -I /google/devshell/editor/code-oss-for-cloud-shell/extensions/ms-python.python/pythonFiles/get_output_via_markers.py /google/devshell/editor/code-oss-for-cloud-shell/extensions/ms-python.python/pythonFiles/interpreterInfo.py
2024-06-12 21:59:42.476 [info] > /bin/python3 -I /google/devshell/editor/code-oss-for-cloud-shell/extensions/ms-python.python/pythonFiles/get_output_via_markers.py /google/devshell/editor/code-oss-for-cloud-shell/extensions/ms-python.python/pythonFiles/interpreterInfo.py
2024-06-12 21:59:42.485 [info] > /usr/bin/python2 -I /google/devshell/editor/code-oss-for-cloud-shell/extensions/ms-python.python/pythonFiles/get_output_via_markers.py /google/devshell/editor/code-oss-for-cloud-shell/extensions/ms-python.python/pythonFiles/interpreterInfo.py
2024-06-12 21:59:42.491 [warning] [Error: Command failed: /bin/python2 -I /google/devshell/editor/code-oss-for-cloud-shell/extensions/ms-python.python/pythonFiles/get_output_via_markers.py /google/devshell/editor/code-oss-for-cloud-shell/extensions/ms-python.python/pythonFiles/interpreterInfo.py
Unknown option: -I
usage: /bin/python2 [option] ... [-c cmd | -m mod | file | -] [arg] ...
Try `python -h' for more information.

	at ChildProcess.exithandler (node:child_process:422:12)
	at ChildProcess.emit (node:events:517:28)
	at maybeClose (node:internal/child_process:1098:16)
	at Socket.<anonymous> (node:internal/child_process:450:11)
	at Socket.emit (node:events:517:28)
	at Pipe.<anonymous> (node:net:350:12)] {
  code: 2,
  killed: false,
  signal: null,
  cmd: '/bin/python2 -I /google/devshell/editor/code-oss-for-cloud-shell/extensions/ms-python.python/pythonFiles/get_output_via_markers.py /google/devshell/editor/code-oss-for-cloud-shell/extensions/ms-python.python/pythonFiles/interpreterInfo.py'
}
2024-06-12 21:59:42.491 [error] Support for Python 2.7 has been dropped by the Python extension so certain features may not work, upgrade to using Python 3.
2024-06-12 21:59:42.499 [info] > /bin/python2 /google/devshell/editor/code-oss-for-cloud-shell/extensions/ms-python.python/pythonFiles/get_output_via_markers.py /google/devshell/editor/code-oss-for-cloud-shell/extensions/ms-python.python/pythonFiles/interpreterInfo.py
2024-06-12 21:59:42.501 [warning] [Error: Command failed: /usr/bin/python2 -I /google/devshell/editor/code-oss-for-cloud-shell/extensions/ms-python.python/pythonFiles/get_output_via_markers.py /google/devshell/editor/code-oss-for-cloud-shell/extensions/ms-python.python/pythonFiles/interpreterInfo.py
Unknown option: -I
usage: /usr/bin/python2 [option] ... [-c cmd | -m mod | file | -] [arg] ...
Try `python -h' for more information.

	at ChildProcess.exithandler (node:child_process:422:12)
	at ChildProcess.emit (node:events:517:28)
	at maybeClose (node:internal/child_process:1098:16)
	at Socket.<anonymous> (node:internal/child_process:450:11)
	at Socket.emit (node:events:517:28)
	at Pipe.<anonymous> (node:net:350:12)] {
  code: 2,
  killed: false,
  signal: null,
  cmd: '/usr/bin/python2 -I /google/devshell/editor/code-oss-for-cloud-shell/extensions/ms-python.python/pythonFiles/get_output_via_markers.py /google/devshell/editor/code-oss-for-cloud-shell/extensions/ms-python.python/pythonFiles/interpreterInfo.py'
}
2024-06-12 21:59:42.501 [error] Support for Python 2.7 has been dropped by the Python extension so certain features may not work, upgrade to using Python 3.
2024-06-12 21:59:42.510 [info] > /usr/bin/python2 /google/devshell/editor/code-oss-for-cloud-shell/extensions/ms-python.python/pythonFiles/get_output_via_markers.py /google/devshell/editor/code-oss-for-cloud-shell/extensions/ms-python.python/pythonFiles/interpreterInfo.py
2024-06-12 21:59:42.693 [info] Python interpreter path: /bin/python
2024-06-12 21:59:42.765 [warning] Retry failed, storage update failed for key PYTHON_GLOBAL_STORAGE_KEYS
2024-06-12 21:59:42.765 [warning] Retry failed, storage update failed for key PYTHON_GLOBAL_STORAGE_KEYS
2024-06-12 21:59:42.765 [warning] Retry failed, storage update failed for key PYTHON_GLOBAL_STORAGE_KEYS
2024-06-12 21:59:42.765 [warning] Retry failed, storage update failed for key PYTHON_GLOBAL_STORAGE_KEYS
2024-06-12 21:59:42.766 [warning] Retry failed, storage update failed for key PYTHON_GLOBAL_STORAGE_KEYS
2024-06-12 21:59:42.766 [warning] Retry failed, storage update failed for key PYTHON_WORKSPACE_STORAGE_KEYS
2024-06-12 21:59:42.766 [warning] Retry failed, storage update failed for key PYTHON_WORKSPACE_STORAGE_KEYS
2024-06-12 21:59:42.766 [warning] Retry failed, storage update failed for key PYTHON_WORKSPACE_STORAGE_KEYS
2024-06-12 21:59:45.725 [warning] Retry failed, storage update failed for key PYTHON_GLOBAL_STORAGE_KEYS
2024-06-12 21:59:45.725 [warning] Retry failed, storage update failed for key PYTHON_GLOBAL_STORAGE_KEYS
2024-06-12 21:59:45.742 [info] Starting Jedi language server for punuguchandana.
