2024-06-05 22:28:22.040 [info] Test server listening.
2024-06-05 22:28:22.040 [info] > conda info --json
2024-06-05 22:28:22.110 [warning] Retry failed, storage update failed for key PYTHON_GLOBAL_STORAGE_KEYS
2024-06-05 22:28:22.114 [info] Found: /bin/python --> /usr/bin/python3.10
2024-06-05 22:28:22.389 [info] Found: /bin/python2 --> /bin/python2.7
2024-06-05 22:28:22.410 [info] Found: /bin/python2.7 --> /bin/python2.7
2024-06-05 22:28:22.580 [warning] Retry failed, storage update failed for key PYTHON_GLOBAL_STORAGE_KEYS
2024-06-05 22:28:22.580 [warning] Retry failed, storage update failed for key PYTHON_GLOBAL_STORAGE_KEYS
2024-06-05 22:28:22.580 [warning] Retry failed, storage update failed for key PYTHON_GLOBAL_STORAGE_KEYS
2024-06-05 22:28:22.580 [warning] Retry failed, storage update failed for key PYTHON_GLOBAL_STORAGE_KEYS
2024-06-05 22:28:22.580 [warning] Retry failed, storage update failed for key PYTHON_GLOBAL_STORAGE_KEYS
2024-06-05 22:28:22.581 [warning] Retry failed, storage update failed for key PYTHON_WORKSPACE_STORAGE_KEYS
2024-06-05 22:28:22.581 [warning] Retry failed, storage update failed for key PYTHON_WORKSPACE_STORAGE_KEYS
2024-06-05 22:28:22.581 [warning] Retry failed, storage update failed for key PYTHON_WORKSPACE_STORAGE_KEYS
2024-06-05 22:28:22.668 [info] Found: /bin/python3 --> /bin/python3.10
2024-06-05 22:28:22.669 [info] Found: /bin/python3.10 --> /bin/python3.10
2024-06-05 22:28:22.962 [info] Found: /usr/bin/python --> /usr/bin/python3.10
2024-06-05 22:28:22.966 [info] Found: /usr/bin/python2 --> /usr/bin/python2.7
2024-06-05 22:28:22.967 [info] Found: /usr/bin/python2.7 --> /usr/bin/python2.7
2024-06-05 22:28:23.026 [info] Found: /usr/bin/python3 --> /usr/bin/python3.10
2024-06-05 22:28:23.032 [info] Found: /usr/bin/python3.10 --> /usr/bin/python3.10
2024-06-05 22:28:23.415 [info] > /bin/python -I /google/devshell/editor/code-oss-for-cloud-shell/extensions/ms-python.python/pythonFiles/get_output_via_markers.py /google/devshell/editor/code-oss-for-cloud-shell/extensions/ms-python.python/pythonFiles/interpreterInfo.py
2024-06-05 22:28:23.610 [info] > /bin/python2 -I /google/devshell/editor/code-oss-for-cloud-shell/extensions/ms-python.python/pythonFiles/get_output_via_markers.py /google/devshell/editor/code-oss-for-cloud-shell/extensions/ms-python.python/pythonFiles/interpreterInfo.py
2024-06-05 22:28:23.875 [warning] Error: Command failed: /bin/python2 -I /google/devshell/editor/code-oss-for-cloud-shell/extensions/ms-python.python/pythonFiles/get_output_via_markers.py /google/devshell/editor/code-oss-for-cloud-shell/extensions/ms-python.python/pythonFiles/interpreterInfo.py
Unknown option: -I
usage: /bin/python2 [option] ... [-c cmd | -m mod | file | -] [arg] ...
Try `python -h' for more information.

    at ChildProcess.exithandler (node:child_process:422:12)
    at ChildProcess.emit (node:events:517:28)
    at maybeClose (node:internal/child_process:1098:16)
    at Socket.<anonymous> (node:internal/child_process:450:11)
    at Socket.emit (node:events:517:28)
    at Pipe.<anonymous> (node:net:350:12) {
  code: 2,
  killed: false,
  signal: null,
  cmd: '/bin/python2 -I /google/devshell/editor/code-oss-for-cloud-shell/extensions/ms-python.python/pythonFiles/get_output_via_markers.py /google/devshell/editor/code-oss-for-cloud-shell/extensions/ms-python.python/pythonFiles/interpreterInfo.py'
}
2024-06-05 22:28:23.876 [error] Support for Python 2.7 has been dropped by the Python extension so certain features may not work, upgrade to using Python 3.
2024-06-05 22:28:23.935 [info] > /bin/python2 /google/devshell/editor/code-oss-for-cloud-shell/extensions/ms-python.python/pythonFiles/get_output_via_markers.py /google/devshell/editor/code-oss-for-cloud-shell/extensions/ms-python.python/pythonFiles/interpreterInfo.py
2024-06-05 22:28:24.123 [info] > /bin/python3 -I /google/devshell/editor/code-oss-for-cloud-shell/extensions/ms-python.python/pythonFiles/get_output_via_markers.py /google/devshell/editor/code-oss-for-cloud-shell/extensions/ms-python.python/pythonFiles/interpreterInfo.py
2024-06-05 22:28:24.212 [info] > /usr/bin/python2 -I /google/devshell/editor/code-oss-for-cloud-shell/extensions/ms-python.python/pythonFiles/get_output_via_markers.py /google/devshell/editor/code-oss-for-cloud-shell/extensions/ms-python.python/pythonFiles/interpreterInfo.py
2024-06-05 22:28:24.222 [warning] Error: Command failed: /usr/bin/python2 -I /google/devshell/editor/code-oss-for-cloud-shell/extensions/ms-python.python/pythonFiles/get_output_via_markers.py /google/devshell/editor/code-oss-for-cloud-shell/extensions/ms-python.python/pythonFiles/interpreterInfo.py
Unknown option: -I
usage: /usr/bin/python2 [option] ... [-c cmd | -m mod | file | -] [arg] ...
Try `python -h' for more information.

    at ChildProcess.exithandler (node:child_process:422:12)
    at ChildProcess.emit (node:events:517:28)
    at maybeClose (node:internal/child_process:1098:16)
    at Process.ChildProcess._handle.onexit (node:internal/child_process:303:5) {
  code: 2,
  killed: false,
  signal: null,
  cmd: '/usr/bin/python2 -I /google/devshell/editor/code-oss-for-cloud-shell/extensions/ms-python.python/pythonFiles/get_output_via_markers.py /google/devshell/editor/code-oss-for-cloud-shell/extensions/ms-python.python/pythonFiles/interpreterInfo.py'
}
2024-06-05 22:28:24.226 [error] Support for Python 2.7 has been dropped by the Python extension so certain features may not work, upgrade to using Python 3.
2024-06-05 22:28:24.261 [info] > /usr/bin/python2 /google/devshell/editor/code-oss-for-cloud-shell/extensions/ms-python.python/pythonFiles/get_output_via_markers.py /google/devshell/editor/code-oss-for-cloud-shell/extensions/ms-python.python/pythonFiles/interpreterInfo.py
2024-06-05 22:28:24.317 [info] Python interpreter path: /bin/python
2024-06-05 22:28:24.478 [warning] Retry failed, storage update failed for key PYTHON_GLOBAL_STORAGE_KEYS
2024-06-05 22:28:24.479 [warning] Retry failed, storage update failed for key PYTHON_GLOBAL_STORAGE_KEYS
2024-06-05 22:28:27.007 [info] Starting Jedi language server for punuguchandana.
2024-06-05 23:29:04.650 [info] Discover tests for workspace name: punuguchandana - uri: /home/punuguchandana/frontend/app.py
2024-06-05 23:29:24.844 [info] Discover tests for workspace name: punuguchandana - uri: /home/punuguchandana/.codeoss/data/User/History/44695d53/4wqt.py
2024-06-05 23:34:56.843 [info] Discover tests for workspace name: punuguchandana - uri: /home/punuguchandana/myapp.py
2024-06-05 23:41:04.692 [info] Discover tests for workspace name: punuguchandana - uri: /home/punuguchandana/backend/app.py
2024-06-05 23:42:04.631 [info] Discover tests for workspace name: punuguchandana - uri: /home/punuguchandana/.codeoss/data/User/History/-6678ccef/GCaQ.py
2024-06-06 01:13:46.196 [info] Test server listening.
2024-06-06 01:13:46.196 [info] Python interpreter path: /bin/python
2024-06-06 01:13:46.379 [warning] Retry failed, storage update failed for key PYTHON_GLOBAL_STORAGE_KEYS
2024-06-06 01:13:46.379 [warning] Retry failed, storage update failed for key PYTHON_GLOBAL_STORAGE_KEYS
2024-06-06 01:13:46.768 [warning] Retry failed, storage update failed for key PYTHON_GLOBAL_STORAGE_KEYS
2024-06-06 01:13:46.769 [warning] Retry failed, storage update failed for key PYTHON_GLOBAL_STORAGE_KEYS
2024-06-06 01:13:46.770 [warning] Retry failed, storage update failed for key PYTHON_GLOBAL_STORAGE_KEYS
2024-06-06 01:13:46.770 [warning] Retry failed, storage update failed for key PYTHON_GLOBAL_STORAGE_KEYS
2024-06-06 01:13:46.771 [warning] Retry failed, storage update failed for key PYTHON_GLOBAL_STORAGE_KEYS
2024-06-06 01:13:48.218 [info] Starting Jedi language server for punuguchandana.
