Initializing document watcher...
Document watcher initialized
/User/settings.json: Using EditorConfig core...
punuguchandana/frontend/myproject895422-9783978d329a.json: {}
punuguchandana/frontend/myproject895422-9783978d329a.json: {}
punuguchandana/frontend/myproject895422-9783978d329a.json: {}
punuguchandana/frontend/myproject895422-9783978d329a.json: {}
punuguchandana/frontend/myproject895422-9783978d329a.json: {}
punuguchandana/frontend/myproject895422-9783978d329a.json: {}
punuguchandana/frontend/myproject895422-9783978d329a.json: {}
punuguchandana/nginx-docker/myapp.py: {}
punuguchandana/nginx-docker/myapp.py: {}
punuguchandana/nginx-docker/myapp.py: {}
punuguchandana/deployment.yaml: {}
punuguchandana/deployment.yaml: {}
punuguchandana/deployment.yaml: {}
punuguchandana/Dockerfile: {}
punuguchandana/Dockerfile: {}
punuguchandana/Dockerfile: {}
punuguchandana/Dockerfile: {}
punuguchandana/Dockerfile: {}
punuguchandana/Dockerfile: {}
punuguchandana/Dockerfile: {}
punuguchandana/Dockerfile: {}
