2024-06-13 00:11:38.399 [info] Log level: Info
2024-06-13 00:11:38.399 [info] Validating found git in: "git"
2024-06-13 00:11:38.399 [info] Using git "2.34.1" from "git"
2024-06-13 00:11:38.399 [info] > git rev-parse --show-toplevel [4ms]
2024-06-13 00:11:38.399 [info] fatal: not a git repository (or any parent up to mount point /)
Stopping at filesystem boundary (GIT_DISCOVERY_ACROSS_FILESYSTEM not set).
2024-06-13 00:11:38.399 [info] > git rev-parse --show-toplevel [3ms]
2024-06-13 00:11:38.399 [info] fatal: not a git repository (or any parent up to mount point /)
Stopping at filesystem boundary (GIT_DISCOVERY_ACROSS_FILESYSTEM not set).
2024-06-13 00:11:38.399 [info] > git rev-parse --show-toplevel [3ms]
2024-06-13 00:11:38.399 [info] fatal: not a git repository (or any parent up to mount point /)
Stopping at filesystem boundary (GIT_DISCOVERY_ACROSS_FILESYSTEM not set).
2024-06-13 00:11:38.400 [info] > git rev-parse --show-toplevel [2ms]
2024-06-13 00:11:38.400 [info] fatal: not a git repository (or any parent up to mount point /)
Stopping at filesystem boundary (GIT_DISCOVERY_ACROSS_FILESYSTEM not set).
2024-06-13 00:11:38.409 [info] > git rev-parse --show-toplevel [2ms]
2024-06-13 00:11:38.409 [info] fatal: not a git repository (or any parent up to mount point /)
Stopping at filesystem boundary (GIT_DISCOVERY_ACROSS_FILESYSTEM not set).
2024-06-13 00:11:38.419 [info] > git rev-parse --show-toplevel [1ms]
2024-06-13 00:11:38.419 [info] fatal: not a git repository (or any parent up to mount point /)
Stopping at filesystem boundary (GIT_DISCOVERY_ACROSS_FILESYSTEM not set).
2024-06-13 00:11:38.432 [info] > git rev-parse --show-toplevel [4ms]
2024-06-13 00:11:38.432 [info] fatal: not a git repository (or any parent up to mount point /)
Stopping at filesystem boundary (GIT_DISCOVERY_ACROSS_FILESYSTEM not set).
2024-06-13 00:11:38.452 [info] > git rev-parse --show-toplevel [2ms]
2024-06-13 00:11:38.452 [info] fatal: not a git repository (or any parent up to mount point /)
Stopping at filesystem boundary (GIT_DISCOVERY_ACROSS_FILESYSTEM not set).
2024-06-13 00:11:38.464 [info] > git rev-parse --show-toplevel [1ms]
2024-06-13 00:11:38.464 [info] fatal: not a git repository (or any parent up to mount point /)
Stopping at filesystem boundary (GIT_DISCOVERY_ACROSS_FILESYSTEM not set).
2024-06-13 00:11:38.473 [info] > git rev-parse --show-toplevel [1ms]
2024-06-13 00:11:38.473 [info] fatal: not a git repository (or any parent up to mount point /)
Stopping at filesystem boundary (GIT_DISCOVERY_ACROSS_FILESYSTEM not set).
2024-06-13 00:11:38.483 [info] > git rev-parse --show-toplevel [1ms]
2024-06-13 00:11:38.483 [info] fatal: not a git repository (or any parent up to mount point /)
Stopping at filesystem boundary (GIT_DISCOVERY_ACROSS_FILESYSTEM not set).
2024-06-13 00:11:38.492 [info] > git rev-parse --show-toplevel [2ms]
2024-06-13 00:11:38.492 [info] fatal: not a git repository (or any parent up to mount point /)
Stopping at filesystem boundary (GIT_DISCOVERY_ACROSS_FILESYSTEM not set).
2024-06-13 00:11:38.501 [info] > git rev-parse --show-toplevel [1ms]
2024-06-13 00:11:38.501 [info] fatal: not a git repository (or any parent up to mount point /)
Stopping at filesystem boundary (GIT_DISCOVERY_ACROSS_FILESYSTEM not set).
2024-06-13 00:11:39.284 [info] > git rev-parse --show-toplevel [191ms]
2024-06-13 00:11:39.284 [info] fatal: not a git repository (or any parent up to mount point /)
Stopping at filesystem boundary (GIT_DISCOVERY_ACROSS_FILESYSTEM not set).
2024-06-13 00:11:39.309 [info] > git rev-parse --show-toplevel [6ms]
2024-06-13 00:11:39.309 [info] fatal: not a git repository (or any parent up to mount point /)
Stopping at filesystem boundary (GIT_DISCOVERY_ACROSS_FILESYSTEM not set).
2024-06-13 00:11:55.776 [info] > git rev-parse --show-toplevel [2ms]
2024-06-13 00:11:55.798 [info] > git rev-parse --git-dir --git-common-dir [2ms]
2024-06-13 00:11:55.813 [info] Open repository: /home/punuguchandana
2024-06-13 00:11:55.860 [info] No remotes found in the git config file.
2024-06-13 00:11:55.861 [info] > git config --get commit.template [24ms]
2024-06-13 00:11:55.862 [info] > git for-each-ref --format=%(refname)%00%(upstream:short)%00%(objectname)%00%(upstream:track)%00%(upstream:remotename)%00%(upstream:remoteref) refs/heads/master refs/remotes/master [4ms]
2024-06-13 00:11:55.863 [warning] No such branch: master.
2024-06-13 00:11:55.910 [info] > git status -z -uall [27ms]
2024-06-13 00:11:56.448 [info] > git config --get commit.template [419ms]
2024-06-13 00:11:56.459 [info] No remotes found in the git config file.
2024-06-13 00:11:56.486 [info] > git for-each-ref --format=%(refname)%00%(upstream:short)%00%(objectname)%00%(upstream:track)%00%(upstream:remotename)%00%(upstream:remoteref) refs/heads/master refs/remotes/master [4ms]
2024-06-13 00:11:56.486 [warning] No such branch: master.
2024-06-13 00:11:56.545 [info] > git status -z -uall [32ms]
2024-06-13 00:11:57.066 [info] > git check-ignore -v -z --stdin [529ms]
